

*******************************************************************************
Fri Sep 03 02:14:30 2010


FIT:    data read from 'data.dat' using 1:2
        format = x:z
        #datapoints = 100
        residuals are weighted equally (unit weight)

function used for fitting: f1(x)


*******************************************************************************
Fri Sep 03 02:14:41 2010


FIT:    data read from 'data.dat' using 1:2
        format = x:z
        #datapoints = 100
        residuals are weighted equally (unit weight)

function used for fitting: f1(x)
fitted parameters initialized with current variable values



 Iteration 0
 WSSR        : 99.8202           delta(WSSR)/WSSR   : 0
 delta(WSSR) : 0                 limit for stopping : 1e-005
 lambda	  : 0

initial set of free parameter values

a1              = 1
b1              = 1
BREAK:          Singular matrix in Givens()

